C51 COMPILER V9.54   AT24C02                                                               11/19/2023 20:39:23 PAGE 1   


C51 COMPILER V9.54, COMPILATION OF MODULE AT24C02
OBJECT MODULE PLACED IN .\Objects\AT24C02.obj
COMPILER INVOKED BY: D:\keil5\C51\BIN\C51.EXE AT24C02.c OPTIMIZE(8,SPEED) BROWSE DEBUG OBJECTEXTEND PRINT(.\Listings\AT2
                    -4C02.lst) OBJECT(.\Objects\AT24C02.obj)

line level    source

   1          #include <REGX52.H>
   2          #include "I2C.h"
   3          
   4          #define AT24C02_Address 0xA0
   5          /**
   6            * @brief  主机向AT24C02的一个地址中写入一个字节
   7            * @param  输入 地址 和 数据
   8            * @retval 无
   9            //特别注意EEPROM写入时需要Delay(5);，读取时则不需要
  10            */
  11          void AT24C02_WriteByte(unsigned char WordAddress,Data)
  12          {
  13   1              I2C_Start();
  14   1              I2C_SendByte(AT24C02_Address);
  15   1              I2C_ReceiveAck();
  16   1              I2C_SendByte(WordAddress);
  17   1              I2C_ReceiveAck();
  18   1              I2C_SendByte(Data);
  19   1              I2C_ReceiveAck();
  20   1              I2C_Stop();
  21   1              
  22   1      }
  23          
  24          /**
  25            * @brief  从AT24C02某个地址中读取一个字节的数据
  26            * @param  要读取的地址
  27            * @retval 该地址中的数据
  28            */
  29          unsigned char AT24C02_ReadByte(unsigned char WordAddress)
  30          {
  31   1              unsigned char Data;
  32   1              
  33   1              I2C_Start();
  34   1              I2C_SendByte(AT24C02_Address);
  35   1              I2C_ReceiveAck();
  36   1              I2C_SendByte(WordAddress);
  37   1              I2C_ReceiveAck();
  38   1              I2C_Start();
  39   1              I2C_SendByte(AT24C02_Address|0x01);
  40   1              I2C_ReceiveAck();
  41   1              Data = I2C_ReceiveByte();
  42   1              I2C_SendAck(1);
  43   1              I2C_Stop();
  44   1              
  45   1              return Data;
  46   1              
  47   1      }


MODULE INFORMATION:   STATIC OVERLAYABLE
   CODE SIZE        =     84    ----
   CONSTANT SIZE    =   ----    ----
   XDATA SIZE       =   ----    ----
   PDATA SIZE       =   ----    ----
C51 COMPILER V9.54   AT24C02                                                               11/19/2023 20:39:23 PAGE 2   

   DATA SIZE        =   ----       5
   IDATA SIZE       =   ----    ----
   BIT SIZE         =   ----    ----
END OF MODULE INFORMATION.


C51 COMPILATION COMPLETE.  0 WARNING(S),  0 ERROR(S)
