C51 COMPILER V9.54   DS18B20                                                               11/20/2023 21:36:10 PAGE 1   


C51 COMPILER V9.54, COMPILATION OF MODULE DS18B20
OBJECT MODULE PLACED IN .\Objects\DS18B20.obj
COMPILER INVOKED BY: D:\keil5\C51\BIN\C51.EXE DS18B20.c OPTIMIZE(8,SPEED) BROWSE DEBUG OBJECTEXTEND PRINT(.\Listings\DS1
                    -8B20.lst) OBJECT(.\Objects\DS18B20.obj)

line level    source

   1          #include <REGX52.H>
   2          #include "OneWire.H"
   3          
   4          
   5          //由于单总线时序(绝对时间)在进行时需关闭中断 会对整体造成非常大的影响
   6          
   7          
   8          #define DS18B20_Skip_ROM 0xCC
   9          #define DS18B20_Convert_T 0x44
  10          #define DS18B20_Read_SCRATCHPAD 0xBE
  11          /**
  12            * @brief  主机发送初始化指令并且向DS18B20发送温度变换的指令
  13            * @param  无
  14            * @retval 无
  15            */
  16          void DS18B20_ConvertT()
  17          {
  18   1              EA= 0;
  19   1              OneWire_Init();
  20   1              OneWire_SendByte(DS18B20_Skip_ROM);
  21   1              OneWire_SendByte(DS18B20_Convert_T);
  22   1              EA = 1;
  23   1      }
  24          
  25          /**
  26            * @brief  接收温度数值
  27            * @param  无
  28            * @retval  T  float类型  补码形式
  29            */
  30          float DS18B20_ReadT()
  31          {
  32   1              unsigned char TLSB,TMSB;
  33   1              int Temp;
  34   1              float T;
  35   1              EA = 0;//防止所有的中断程序影响OneWire的时序
  36   1              OneWire_Init();
  37   1              OneWire_SendByte(DS18B20_Skip_ROM);
  38   1              OneWire_SendByte(DS18B20_Read_SCRATCHPAD);
  39   1              TLSB = OneWire_ReceiveByte();
  40   1              TMSB = OneWire_ReceiveByte();
  41   1              Temp = (TMSB<<8)|TLSB;
  42   1              T = Temp/16.0;
  43   1              EA = 1;
  44   1      
  45   1              return T;
  46   1      }


MODULE INFORMATION:   STATIC OVERLAYABLE
   CODE SIZE        =     66    ----
   CONSTANT SIZE    =   ----    ----
   XDATA SIZE       =   ----    ----
   PDATA SIZE       =   ----    ----
   DATA SIZE        =   ----       1
C51 COMPILER V9.54   DS18B20                                                               11/20/2023 21:36:10 PAGE 2   

   IDATA SIZE       =   ----    ----
   BIT SIZE         =   ----    ----
END OF MODULE INFORMATION.


C51 COMPILATION COMPLETE.  0 WARNING(S),  0 ERROR(S)
