C51 COMPILER V9.54   KEY                                                                   11/19/2023 21:48:20 PAGE 1   


C51 COMPILER V9.54, COMPILATION OF MODULE KEY
OBJECT MODULE PLACED IN .\Objects\Key.obj
COMPILER INVOKED BY: D:\keil5\C51\BIN\C51.EXE Key.c OPTIMIZE(8,SPEED) BROWSE DEBUG OBJECTEXTEND PRINT(.\Listings\Key.lst
                    -) OBJECT(.\Objects\Key.obj)

line level    source

   1          #include <REGX52.H>
   2          #include "Delay.h"
   3          /**
   4            * @brief  获取独立按键的键码
   5            * @param  无
   6            * @retval 按下按键的键码 K1--K4 无按键按下放回值为0
   7            */
   8          unsigned char Key()
   9          {
  10   1              unsigned char Keynum = 0;
  11   1              if(P3_1==0){Delay(20);while(P3_1==0);Delay(20);Keynum=1;}
  12   1              if(P3_0==0){Delay(20);while(P3_0==0);Delay(20);Keynum=2;}
  13   1              if(P3_2==0){Delay(20);while(P3_2==0);Delay(20);Keynum=3;}
  14   1              if(P3_3==0){Delay(20);while(P3_3==0);Delay(20);Keynum=4;}
  15   1              return Keynum;
  16   1      }


MODULE INFORMATION:   STATIC OVERLAYABLE
   CODE SIZE        =     97    ----
   CONSTANT SIZE    =   ----    ----
   XDATA SIZE       =   ----    ----
   PDATA SIZE       =   ----    ----
   DATA SIZE        =   ----       1
   IDATA SIZE       =   ----    ----
   BIT SIZE         =   ----    ----
END OF MODULE INFORMATION.


C51 COMPILATION COMPLETE.  0 WARNING(S),  0 ERROR(S)
