C51 COMPILER V9.54   MAIN                                                                  11/20/2023 21:49:24 PAGE 1   


C51 COMPILER V9.54, COMPILATION OF MODULE MAIN
OBJECT MODULE PLACED IN .\Objects\main.obj
COMPILER INVOKED BY: D:\keil5\C51\BIN\C51.EXE main.c OPTIMIZE(8,SPEED) BROWSE DEBUG OBJECTEXTEND PRINT(.\Listings\main.l
                    -st) OBJECT(.\Objects\main.obj)

line level    source

   1          #include <REGX52.H>
   2          #include "LCD1602.H"
   3          #include "DS18B20.H"
   4          #include "Delay.H"
   5          #include "T0Key.H"
   6          #include "AT24C02.H"
   7          
   8          //sbit Buzzer = P2^5;
   9          
  10          
  11          float T;
  12          char TLOW,THIGH;
  13          unsigned char KeyNum;
  14          unsigned char TCSelect;
  15          
  16          void main()
  17          {
  18   1              THIGH=AT24C02_ReadByte(0);
  19   1              TLOW=AT24C02_ReadByte(1);
  20   1              Timer0Init();
*** WARNING C206 IN LINE 20 OF main.c: 'Timer0Init': missing function-prototype
  21   1              LCD_Init();
  22   1              DS18B20_ConvertT();//DS18B20温度转换需要时间，如果不延迟则读取的上一个温度
  23   1              Delay(800);
  24   1              LCD_ShowString(1,9,"<");
  25   1              LCD_ShowString(1,12,">");
  26   1              LCD_ShowString(1,10,"00");
  27   1              LCD_ShowString(2,1,"TH:");
  28   1              LCD_ShowString(2,9,"TL:");
  29   1              LCD_ShowSignedNum(2,4,THIGH,3);
  30   1              LCD_ShowSignedNum(2,12,TLOW,3);         
  31   1              while(1)
  32   1              {
  33   2                      KeyNum = Key();
  34   2                      /*温度读取及显示部分*/
  35   2                      T = DS18B20_ReadT();
  36   2                      DS18B20_ConvertT();
  37   2                      if(T<0)
  38   2                      {
  39   3                              LCD_ShowChar(1,1,'-');
  40   3                      }
  41   2                      else
  42   2                      {
  43   3                              LCD_ShowChar(1,1,'+');
  44   3                      }
  45   2                      LCD_ShowNum(1,2,T,3);
  46   2                      LCD_ShowChar(1,5,'.');
  47   2                      LCD_ShowNum(1,6,(unsigned long)(T*100)%100,2);
  48   2                      /*阈值操作及显示部分*/
  49   2                      if(KeyNum)
  50   2                      {
  51   3                              if(KeyNum==1)
  52   3                              {
  53   4                                      TCSelect++;
C51 COMPILER V9.54   MAIN                                                                  11/20/2023 21:49:24 PAGE 2   

  54   4                              }
  55   3                              if(TCSelect>=3){TCSelect=0;}
  56   3                              if(TCSelect==1)
  57   3                              {
  58   4                                      if(KeyNum==2){THIGH++;if(THIGH>=125){THIGH=125;}}
  59   4                                      if(KeyNum==3){THIGH--;if(THIGH<=TLOW){THIGH++;}if(THIGH<=-55){THIGH=-55;}}
  60   4                              }
  61   3                              if(TCSelect==2)
  62   3                              {
  63   4                                      if(KeyNum==2){TLOW++;if(TLOW>=THIGH){TLOW--;}if(TLOW>=125){TLOW=125;}}
  64   4                                      if(KeyNum==3){TLOW--;if(TLOW<=-55){TLOW=-55;}}
  65   4                      
  66   4                          }
  67   3                              if(TCSelect==0){LCD_ShowString(1,10,"00");}
  68   3                              if(TCSelect==1){LCD_ShowString(1,10,"TH");}
  69   3                              if(TCSelect==2){LCD_ShowString(1,10,"TL");}
  70   3                              LCD_ShowSignedNum(2,12,TLOW,3);
  71   3                              LCD_ShowSignedNum(2,4,THIGH,3);
  72   3                              AT24C02_WriteByte(0,THIGH);
  73   3                              Delay(5);
  74   3                              AT24C02_WriteByte(1,TLOW);
  75   3                              Delay(5);
  76   3                              
  77   3                  }
  78   2                      /*阈值判断部分*/
  79   2                      if(T>THIGH)
  80   2                      {
  81   3                              LCD_ShowString(1,13,"OVH!");
  82   3                      }
  83   2                      else if(T<TLOW)
  84   2                      {
  85   3                              LCD_ShowString(1,13,"OVC!");
  86   3                      }
  87   2                      else
  88   2                      {
  89   3                              LCD_ShowString(1,13,"GOOD");
  90   3                      }
  91   2                      
  92   2              }
  93   1              
  94   1      }
  95          
  96          void Timer0_Rountine() interrupt 1
  97          {  
  98   1              static unsigned int Count0;//,Count1;
  99   1              TL0 = 0x66;              
 100   1              TH0 = 0xFC;
 101   1              Count0++;
 102   1              if(Count0>=20)
 103   1              {
 104   2                      Count0=0;
 105   2                      Key_Loop();
 106   2              }
 107   1      //      if(T>THIGH||T<TLOW)
 108   1      //      {
 109   1      //              Count1++;
 110   1      //              if(Count1>=20)
 111   1      //              {
 112   1      //                      Count1=0;
 113   1      //                      Buzzer=~Buzzer;
 114   1      //              }
 115   1      //      }
C51 COMPILER V9.54   MAIN                                                                  11/20/2023 21:49:24 PAGE 3   

 116   1      
 117   1      }


MODULE INFORMATION:   STATIC OVERLAYABLE
   CODE SIZE        =    686    ----
   CONSTANT SIZE    =     36    ----
   XDATA SIZE       =   ----    ----
   PDATA SIZE       =   ----    ----
   DATA SIZE        =     10    ----
   IDATA SIZE       =   ----    ----
   BIT SIZE         =   ----    ----
END OF MODULE INFORMATION.


C51 COMPILATION COMPLETE.  1 WARNING(S),  0 ERROR(S)
