C51 COMPILER V9.54   ONEWIRE                                                               11/19/2023 20:39:24 PAGE 1   


C51 COMPILER V9.54, COMPILATION OF MODULE ONEWIRE
OBJECT MODULE PLACED IN .\Objects\OneWire.obj
COMPILER INVOKED BY: D:\keil5\C51\BIN\C51.EXE OneWire.c OPTIMIZE(8,SPEED) BROWSE DEBUG OBJECTEXTEND PRINT(.\Listings\One
                    -Wire.lst) OBJECT(.\Objects\OneWire.obj)

line level    source

   1          #include <REGX52.H>
   2          #include <Intrins.h>
   3          
   4          sbit OneWire_DQ = P3^7;
   5          /**
   6            * @brief  初始化
   7            * @param  无
   8            * @retval （方便调试）可无
   9            */
  10          unsigned char OneWire_Init()
  11          {
  12   1              unsigned char i,j;
  13   1              unsigned char AckBit;
  14   1              OneWire_DQ = 1;
  15   1              OneWire_DQ = 0;
  16   1              i = 227;while (--i);
  17   1              OneWire_DQ = 1;
  18   1          i = 27;while (--i);
  19   1              AckBit = OneWire_DQ;
  20   1              i = 6;j = 107;do{while (--j);} while (--i);//Delay500us
  21   1              return AckBit;
  22   1      }
  23          /**
  24            * @brief  主机发送一个Bit
  25            * @param  无
  26            * @retval 无
  27            */
  28          void OneWire_SendBit(unsigned char Bit)
  29          {
  30   1              unsigned char i;
  31   1              OneWire_DQ = 0;
  32   1              i = 4;while (--i);
  33   1              OneWire_DQ = Bit;
  34   1              i = 25;while (--i);
  35   1              OneWire_DQ = 1;
  36   1      }
  37          /**
  38            * @brief  主机接收一个bit
  39            * @param  无
  40            * @retval 接收到的bit
  41            */
  42          unsigned char OneWire_ReceiveBit()
  43          {
  44   1              unsigned char i;
  45   1              unsigned char Bit;
  46   1              OneWire_DQ = 0;
  47   1              _nop_();_nop_();_nop_();
  48   1              OneWire_DQ = 1;
  49   1              i = 3;while (--i);
  50   1              Bit = OneWire_DQ;
  51   1              i = 24;while (--i);
  52   1              return Bit;
  53   1      }
  54          /**
C51 COMPILER V9.54   ONEWIRE                                                               11/19/2023 20:39:24 PAGE 2   

  55            * @brief  主机发送一个字节
  56            * @param  要发送的字节（一般是命令）
  57            * @retval 无
  58            */
  59          void OneWire_SendByte(unsigned char Byte)
  60          {
  61   1              //unsigned char Bit;
  62   1              unsigned char i;
  63   1              for(i=0;i<8;i++)
  64   1              {
  65   2                      //Bit = Byte&(0x01<<i);
  66   2                      OneWire_SendBit(Byte&(0x01<<i));
  67   2              }
  68   1              
  69   1      }
  70          /**
  71            * @brief  主机接收一个字节
  72            * @param  无
  73            * @retval 接收到的字节
  74            */
  75          unsigned char OneWire_ReceiveByte()
  76          {
  77   1              unsigned char Byte = 0x00;
  78   1              unsigned char i;
  79   1              for(i=0;i<8;i++)
  80   1              {
  81   2                      if(OneWire_ReceiveBit()){Byte|=(0x01<<i);}
  82   2              }
  83   1              return Byte;
  84   1      }


MODULE INFORMATION:   STATIC OVERLAYABLE
   CODE SIZE        =    125    ----
   CONSTANT SIZE    =   ----    ----
   XDATA SIZE       =   ----    ----
   PDATA SIZE       =   ----    ----
   DATA SIZE        =   ----    ----
   IDATA SIZE       =   ----    ----
   BIT SIZE         =   ----    ----
END OF MODULE INFORMATION.


C51 COMPILATION COMPLETE.  0 WARNING(S),  0 ERROR(S)
