C51 COMPILER V9.54   T0KEY                                                                 11/19/2023 20:39:24 PAGE 1   


C51 COMPILER V9.54, COMPILATION OF MODULE T0KEY
OBJECT MODULE PLACED IN .\Objects\T0Key.obj
COMPILER INVOKED BY: D:\keil5\C51\BIN\C51.EXE T0Key.c OPTIMIZE(8,SPEED) BROWSE DEBUG OBJECTEXTEND PRINT(.\Listings\T0Key
                    -.lst) OBJECT(.\Objects\T0Key.obj)

line level    source

   1          #include <REGX52.H>
   2          //#include "Delay.h"
   3          /**
   4            * @brief  获取独立按键的键码
   5            * @param  无
   6            * @retval 按下按键的键码 K1--K4 无按键按下放回值为0
   7            */
   8            
   9          unsigned char Key_Number;
  10          
  11          unsigned char Key()
  12          {
  13   1              unsigned char Temp;
  14   1              Temp=Key_Number;
  15   1              Key_Number=0;
  16   1              return Temp;
  17   1      }
  18          
  19          
  20          unsigned char Key_GetState()
  21          {
  22   1              unsigned char Keynum = 0;
  23   1              if(P3_1==0){Keynum=1;}
  24   1              if(P3_0==0){Keynum=2;}
  25   1              if(P3_2==0){Keynum=3;}
  26   1              if(P3_3==0){Keynum=4;}
  27   1              return Keynum;
  28   1      }
  29          
  30          void Key_Loop()
  31          {
  32   1              static unsigned char NowState,LastState;
  33   1              LastState=NowState;
  34   1              NowState=Key_GetState();
  35   1              if(LastState==1&&NowState==0)
  36   1              {
  37   2                      Key_Number=1;
  38   2              }
  39   1              if(LastState==2&&NowState==0)
  40   1              {
  41   2                      Key_Number=2;
  42   2              }
  43   1              if(LastState==3&&NowState==0)
  44   1              {
  45   2                      Key_Number=3;
  46   2              }
  47   1              if(LastState==4&&NowState==0)
  48   1              {
  49   2                      Key_Number=4;
  50   2              }       
  51   1      }
  52          
  53          
  54          
C51 COMPILER V9.54   T0KEY                                                                 11/19/2023 20:39:24 PAGE 2   

  55          //void Timer0_Rountine() interrupt 1
  56          //{    //定时器扫描按键模板
  57          //      static unsigned int Count0;
  58          //      TL0 = 0x66;              
  59          //      TH0 = 0xFC;
  60          //      Count0++;
  61          //      if(Count0>=20)
  62          //      {
  63          //              Count0=0;
  64          //              Key_Loop();
  65          //      }
  66          
  67          
  68          // }


MODULE INFORMATION:   STATIC OVERLAYABLE
   CODE SIZE        =     85    ----
   CONSTANT SIZE    =   ----    ----
   XDATA SIZE       =   ----    ----
   PDATA SIZE       =   ----    ----
   DATA SIZE        =      3    ----
   IDATA SIZE       =   ----    ----
   BIT SIZE         =   ----    ----
END OF MODULE INFORMATION.


C51 COMPILATION COMPLETE.  0 WARNING(S),  0 ERROR(S)
