C51 COMPILER V9.54   TIMER0                                                                11/19/2023 20:39:24 PAGE 1   


C51 COMPILER V9.54, COMPILATION OF MODULE TIMER0
OBJECT MODULE PLACED IN .\Objects\timer0.obj
COMPILER INVOKED BY: D:\keil5\C51\BIN\C51.EXE timer0.c OPTIMIZE(8,SPEED) BROWSE DEBUG OBJECTEXTEND PRINT(.\Listings\time
                    -r0.lst) OBJECT(.\Objects\timer0.obj)

line level    source

   1          #include <REGX52.H>
   2           /**
   3            * @brief  定时器0的初始化，1毫秒 11.0562MHZ
   4            * @param  无
   5            * @retval 无
   6            */
   7          
   8          
   9          void Timer0Init(void)           //1毫秒@11.0592MHz
  10          {
  11   1              TMOD &= 0xF0;           //设置定时器模式
  12   1              TMOD |= 0x01;           //设置定时器模式
  13   1              TL0 = 0x66;             
  14   1              TH0 = 0xFC;             
  15   1              TF0 = 0;                
  16   1              TR0 = 1;
  17   1          ET0=1;
  18   1              EA=1;
  19   1              PT0=0;
  20   1      
  21   1      }
  22          
  23          //void Timer0_Rountine() interrupt 1    //中断函数模板
  24          //{
  25          //      static unsigned int Count0;
  26          //      TL0 = 0x66;              
  27          //      TH0 = 0xFC;
  28          //      Count0++;
  29          //      if(Count0>=1000)
  30          //      {
  31          //              Count0=0;
  32          //      }
  33          //}


MODULE INFORMATION:   STATIC OVERLAYABLE
   CODE SIZE        =     23    ----
   CONSTANT SIZE    =   ----    ----
   XDATA SIZE       =   ----    ----
   PDATA SIZE       =   ----    ----
   DATA SIZE        =   ----    ----
   IDATA SIZE       =   ----    ----
   BIT SIZE         =   ----    ----
END OF MODULE INFORMATION.


C51 COMPILATION COMPLETE.  0 WARNING(S),  0 ERROR(S)
